2014-10-05 12:39:32.185 BusTrackDC[11731:70b] Apache Cordova native platform version 3.6.3 is starting.
2014-10-05 12:39:32.187 BusTrackDC[11731:70b] Multi-tasking -> Device: YES, App: YES
2014-10-05 12:39:32.202 BusTrackDC[11731:70b] Unlimited access to network resources
2014-10-05 12:39:32.205 BusTrackDC[11731:70b] 

Started backup to iCloud! Please be careful.
Your application might be rejected by Apple if you store too much data.
For more information please read "iOS Data Storage Guidelines" at:
https://developer.apple.com/icloud/documentation/data-storage/

2014-10-05 12:39:32.815 BusTrackDC[11731:70b] Resetting plugins due to page load.
2014-10-05 12:39:32.883 BusTrackDC[11731:70b] Finished load of: file:///Users/jasonrosenbaum/Library/Developer/CoreSimulator/Devices/34C0D57B-F8B9-4832-AB50-819E83524A99/data/Applications/B4299162-B186-4046-A766-E503BED2B7BB/BusTrackDC.app/www/index.html
2014-10-05 12:54:14.143 BusTrackDC[12889:70b] Apache Cordova native platform version 3.6.3 is starting.
2014-10-05 12:54:14.150 BusTrackDC[12889:70b] Multi-tasking -> Device: YES, App: YES
2014-10-05 12:54:14.261 BusTrackDC[12889:70b] Unlimited access to network resources
2014-10-05 12:54:14.263 BusTrackDC[12889:70b] 

Started backup to iCloud! Please be careful.
Your application might be rejected by Apple if you store too much data.
For more information please read "iOS Data Storage Guidelines" at:
https://developer.apple.com/icloud/documentation/data-storage/

2014-10-05 12:54:14.581 BusTrackDC[12889:70b] Resetting plugins due to page load.
2014-10-05 12:54:14.749 BusTrackDC[12889:70b] Finished load of: file:///Users/jasonrosenbaum/Library/Developer/CoreSimulator/Devices/34C0D57B-F8B9-4832-AB50-819E83524A99/data/Applications/B4299162-B186-4046-A766-E503BED2B7BB/BusTrackDC.app/www/index.html
2014-10-05 13:04:26.365 BusTrackDC[13427:70b] Apache Cordova native platform version 3.6.3 is starting.
2014-10-05 13:04:26.368 BusTrackDC[13427:70b] Multi-tasking -> Device: YES, App: YES
2014-10-05 13:04:26.379 BusTrackDC[13427:70b] Unlimited access to network resources
2014-10-05 13:04:26.383 BusTrackDC[13427:70b] 

Started backup to iCloud! Please be careful.
Your application might be rejected by Apple if you store too much data.
For more information please read "iOS Data Storage Guidelines" at:
https://developer.apple.com/icloud/documentation/data-storage/

2014-10-05 13:04:26.726 BusTrackDC[13427:70b] Resetting plugins due to page load.
2014-10-05 13:04:26.890 BusTrackDC[13427:70b] Finished load of: file:///Users/jasonrosenbaum/Library/Developer/CoreSimulator/Devices/34C0D57B-F8B9-4832-AB50-819E83524A99/data/Applications/B4299162-B186-4046-A766-E503BED2B7BB/BusTrackDC.app/www/index.html
